<?xml version="1.0" encoding="UTF-8"?>
<coverage generated="1612451762983" clover="3.2.0">
  <project timestamp="1612451762983" name="All files">
    <metrics statements="35" coveredstatements="35" conditionals="16" coveredconditionals="16" methods="18" coveredmethods="18" elements="69" coveredelements="69" complexity="0" loc="35" ncloc="35" packages="1" files="1" classes="1"/>
    <file name="pharmacy.js" path="C:\Users\Utilisateur\Documents\Projet_perso\take-home-test\pharmacy.js">
      <metrics statements="35" coveredstatements="35" conditionals="16" coveredconditionals="16" methods="18" coveredmethods="18"/>
      <line num="1" count="1" type="stmt"/>
      <line num="2" count="1" type="stmt"/>
      <line num="13" count="72" type="stmt"/>
      <line num="14" count="72" type="stmt"/>
      <line num="15" count="72" type="stmt"/>
      <line num="16" count="72" type="stmt"/>
      <line num="17" count="72" type="stmt"/>
      <line num="19" count="72" type="stmt"/>
      <line num="23" count="23" type="stmt"/>
      <line num="28" count="28" type="cond" truecount="2" falsecount="0"/>
      <line num="33" count="28" type="stmt"/>
      <line num="37" count="28" type="stmt"/>
      <line num="41" count="23" type="stmt"/>
      <line num="45" count="18" type="cond" truecount="2" falsecount="0"/>
      <line num="46" count="6" type="stmt"/>
      <line num="48" count="12" type="stmt"/>
      <line num="50" count="18" type="stmt"/>
      <line num="51" count="18" type="stmt"/>
      <line num="57" count="13" type="stmt"/>
      <line num="61" count="3" type="stmt"/>
      <line num="67" count="13" type="stmt"/>
      <line num="76" count="3" type="stmt"/>
      <line num="82" count="18" type="stmt"/>
      <line num="92" count="8" type="cond" truecount="4" falsecount="0"/>
      <line num="93" count="8" type="stmt"/>
      <line num="97" count="5" type="stmt"/>
      <line num="98" count="5" type="stmt"/>
      <line num="104" count="13" type="stmt"/>
      <line num="105" count="13" type="stmt"/>
      <line num="106" count="13" type="stmt"/>
      <line num="110" count="3" type="stmt"/>
      <line num="116" count="3" type="stmt"/>
      <line num="119" count="2" type="stmt"/>
      <line num="120" count="6" type="stmt"/>
      <line num="122" count="2" type="stmt"/>
    </file>
  </project>
</coverage>
