{"C:\\Users\\Utilisateur\\Documents\\Projet_perso\\take-home-test\\pharmacy.js": {"path":"C:\\Users\\Utilisateur\\Documents\\Projet_perso\\take-home-test\\pharmacy.js","statementMap":{"0":{"start":{"line":1,"column":24},"end":{"line":1,"column":26}},"1":{"start":{"line":2,"column":24},"end":{"line":2,"column":25}},"2":{"start":{"line":13,"column":4},"end":{"line":13,"column":21}},"3":{"start":{"line":14,"column":4},"end":{"line":14,"column":31}},"4":{"start":{"line":15,"column":4},"end":{"line":15,"column":27}},"5":{"start":{"line":16,"column":4},"end":{"line":16,"column":37}},"6":{"start":{"line":17,"column":4},"end":{"line":18,"column":105}},"7":{"start":{"line":19,"column":4},"end":{"line":19,"column":51}},"8":{"start":{"line":23,"column":4},"end":{"line":23,"column":31}},"9":{"start":{"line":28,"column":6},"end":{"line":32,"column":22}},"10":{"start":{"line":33,"column":4},"end":{"line":33,"column":19}},"11":{"start":{"line":37,"column":4},"end":{"line":37,"column":43}},"12":{"start":{"line":41,"column":4},"end":{"line":41,"column":53}},"13":{"start":{"line":45,"column":4},"end":{"line":49,"column":5}},"14":{"start":{"line":46,"column":6},"end":{"line":46,"column":70}},"15":{"start":{"line":48,"column":6},"end":{"line":48,"column":59}},"16":{"start":{"line":50,"column":4},"end":{"line":50,"column":42}},"17":{"start":{"line":51,"column":4},"end":{"line":51,"column":44}},"18":{"start":{"line":57,"column":4},"end":{"line":57,"column":70}},"19":{"start":{"line":61,"column":4},"end":{"line":61,"column":31}},"20":{"start":{"line":67,"column":4},"end":{"line":72,"column":7}},"21":{"start":{"line":76,"column":4},"end":{"line":76,"column":31}},"22":{"start":{"line":82,"column":4},"end":{"line":87,"column":7}},"23":{"start":{"line":92,"column":6},"end":{"line":92,"column":76}},"24":{"start":{"line":93,"column":4},"end":{"line":93,"column":24}},"25":{"start":{"line":97,"column":4},"end":{"line":97,"column":56}},"26":{"start":{"line":98,"column":4},"end":{"line":98,"column":31}},"27":{"start":{"line":104,"column":4},"end":{"line":104,"column":51}},"28":{"start":{"line":105,"column":4},"end":{"line":105,"column":46}},"29":{"start":{"line":106,"column":4},"end":{"line":106,"column":57}},"30":{"start":{"line":110,"column":4},"end":{"line":110,"column":31}},"31":{"start":{"line":116,"column":4},"end":{"line":116,"column":23}},"32":{"start":{"line":119,"column":4},"end":{"line":121,"column":7}},"33":{"start":{"line":120,"column":6},"end":{"line":120,"column":25}},"34":{"start":{"line":122,"column":4},"end":{"line":122,"column":22}}},"fnMap":{"0":{"name":"(anonymous_0)","decl":{"start":{"line":5,"column":2},"end":{"line":5,"column":3}},"loc":{"start":{"line":12,"column":5},"end":{"line":20,"column":3}},"line":12},"1":{"name":"(anonymous_1)","decl":{"start":{"line":22,"column":2},"end":{"line":22,"column":3}},"loc":{"start":{"line":22,"column":14},"end":{"line":24,"column":3}},"line":22},"2":{"name":"(anonymous_2)","decl":{"start":{"line":26,"column":2},"end":{"line":26,"column":3}},"loc":{"start":{"line":26,"column":20},"end":{"line":34,"column":3}},"line":26},"3":{"name":"(anonymous_3)","decl":{"start":{"line":36,"column":2},"end":{"line":36,"column":3}},"loc":{"start":{"line":36,"column":34},"end":{"line":38,"column":3}},"line":36},"4":{"name":"(anonymous_4)","decl":{"start":{"line":40,"column":2},"end":{"line":40,"column":3}},"loc":{"start":{"line":40,"column":20},"end":{"line":42,"column":3}},"line":40},"5":{"name":"(anonymous_5)","decl":{"start":{"line":44,"column":2},"end":{"line":44,"column":3}},"loc":{"start":{"line":44,"column":16},"end":{"line":52,"column":3}},"line":44},"6":{"name":"(anonymous_6)","decl":{"start":{"line":56,"column":2},"end":{"line":56,"column":3}},"loc":{"start":{"line":56,"column":30},"end":{"line":58,"column":3}},"line":56},"7":{"name":"(anonymous_7)","decl":{"start":{"line":60,"column":2},"end":{"line":60,"column":3}},"loc":{"start":{"line":60,"column":16},"end":{"line":62,"column":3}},"line":60},"8":{"name":"(anonymous_8)","decl":{"start":{"line":66,"column":2},"end":{"line":66,"column":3}},"loc":{"start":{"line":66,"column":30},"end":{"line":73,"column":3}},"line":66},"9":{"name":"(anonymous_9)","decl":{"start":{"line":75,"column":2},"end":{"line":75,"column":3}},"loc":{"start":{"line":75,"column":16},"end":{"line":77,"column":3}},"line":75},"10":{"name":"(anonymous_10)","decl":{"start":{"line":81,"column":2},"end":{"line":81,"column":3}},"loc":{"start":{"line":81,"column":30},"end":{"line":88,"column":3}},"line":81},"11":{"name":"(anonymous_11)","decl":{"start":{"line":90,"column":2},"end":{"line":90,"column":3}},"loc":{"start":{"line":90,"column":29},"end":{"line":94,"column":3}},"line":90},"12":{"name":"(anonymous_12)","decl":{"start":{"line":96,"column":2},"end":{"line":96,"column":3}},"loc":{"start":{"line":96,"column":16},"end":{"line":99,"column":3}},"line":96},"13":{"name":"(anonymous_13)","decl":{"start":{"line":103,"column":2},"end":{"line":103,"column":3}},"loc":{"start":{"line":103,"column":30},"end":{"line":107,"column":3}},"line":103},"14":{"name":"(anonymous_14)","decl":{"start":{"line":109,"column":2},"end":{"line":109,"column":3}},"loc":{"start":{"line":109,"column":16},"end":{"line":111,"column":3}},"line":109},"15":{"name":"(anonymous_15)","decl":{"start":{"line":115,"column":2},"end":{"line":115,"column":3}},"loc":{"start":{"line":115,"column":26},"end":{"line":117,"column":3}},"line":115},"16":{"name":"(anonymous_16)","decl":{"start":{"line":118,"column":2},"end":{"line":118,"column":3}},"loc":{"start":{"line":118,"column":23},"end":{"line":123,"column":3}},"line":118},"17":{"name":"(anonymous_17)","decl":{"start":{"line":119,"column":23},"end":{"line":119,"column":24}},"loc":{"start":{"line":119,"column":33},"end":{"line":121,"column":5}},"line":119}},"branchMap":{"0":{"loc":{"start":{"line":6,"column":4},"end":{"line":6,"column":17}},"type":"default-arg","locations":[{"start":{"line":6,"column":11},"end":{"line":6,"column":17}}],"line":6},"1":{"loc":{"start":{"line":9,"column":4},"end":{"line":9,"column":21}},"type":"default-arg","locations":[{"start":{"line":9,"column":19},"end":{"line":9,"column":21}}],"line":9},"2":{"loc":{"start":{"line":11,"column":4},"end":{"line":11,"column":28}},"type":"default-arg","locations":[{"start":{"line":11,"column":26},"end":{"line":11,"column":28}}],"line":11},"3":{"loc":{"start":{"line":18,"column":6},"end":{"line":18,"column":104}},"type":"cond-expr","locations":[{"start":{"line":18,"column":57},"end":{"line":18,"column":80}},{"start":{"line":18,"column":83},"end":{"line":18,"column":104}}],"line":18},"4":{"loc":{"start":{"line":28,"column":6},"end":{"line":32,"column":22}},"type":"cond-expr","locations":[{"start":{"line":29,"column":10},"end":{"line":29,"column":25}},{"start":{"line":30,"column":10},"end":{"line":32,"column":22}}],"line":28},"5":{"loc":{"start":{"line":30,"column":10},"end":{"line":32,"column":22}},"type":"cond-expr","locations":[{"start":{"line":31,"column":10},"end":{"line":31,"column":25}},{"start":{"line":32,"column":10},"end":{"line":32,"column":22}}],"line":30},"6":{"loc":{"start":{"line":45,"column":4},"end":{"line":49,"column":5}},"type":"if","locations":[{"start":{"line":45,"column":4},"end":{"line":49,"column":5}},{"start":{"line":45,"column":4},"end":{"line":49,"column":5}}],"line":45},"7":{"loc":{"start":{"line":92,"column":6},"end":{"line":92,"column":76}},"type":"cond-expr","locations":[{"start":{"line":92,"column":28},"end":{"line":92,"column":29}},{"start":{"line":92,"column":32},"end":{"line":92,"column":76}}],"line":92},"8":{"loc":{"start":{"line":92,"column":32},"end":{"line":92,"column":76}},"type":"cond-expr","locations":[{"start":{"line":92,"column":55},"end":{"line":92,"column":56}},{"start":{"line":92,"column":59},"end":{"line":92,"column":76}}],"line":92},"9":{"loc":{"start":{"line":115,"column":14},"end":{"line":115,"column":24}},"type":"default-arg","locations":[{"start":{"line":115,"column":22},"end":{"line":115,"column":24}}],"line":115}},"s":{"0":1,"1":1,"2":72,"3":72,"4":72,"5":72,"6":72,"7":72,"8":23,"9":28,"10":28,"11":28,"12":23,"13":18,"14":6,"15":12,"16":18,"17":18,"18":13,"19":3,"20":13,"21":3,"22":18,"23":8,"24":8,"25":5,"26":5,"27":13,"28":13,"29":13,"30":3,"31":3,"32":2,"33":6,"34":2},"f":{"0":72,"1":23,"2":28,"3":28,"4":23,"5":18,"6":13,"7":3,"8":13,"9":3,"10":18,"11":8,"12":5,"13":13,"14":3,"15":3,"16":2,"17":6},"b":{"0":[11],"1":[28],"2":[59],"3":[18,54],"4":[5,23],"5":[5,18],"6":[6,12],"7":[3,5],"8":[2,3],"9":[1]},"_coverageSchema":"43e27e138ebf9cfc5966b082cf9a028302ed4184","hash":"43a13e52af5ffea322164f8581cdcb334752aa21"}
}
