TN:
SF:C:\Users\Utilisateur\Documents\Projet_perso\take-home-test\pharmacy.js
FN:5,(anonymous_0)
FN:22,(anonymous_1)
FN:26,(anonymous_2)
FN:36,(anonymous_3)
FN:40,(anonymous_4)
FN:44,(anonymous_5)
FN:56,(anonymous_6)
FN:60,(anonymous_7)
FN:66,(anonymous_8)
FN:75,(anonymous_9)
FN:81,(anonymous_10)
FN:90,(anonymous_11)
FN:96,(anonymous_12)
FN:103,(anonymous_13)
FN:109,(anonymous_14)
FN:115,(anonymous_15)
FN:118,(anonymous_16)
FN:119,(anonymous_17)
FNF:18
FNH:18
FNDA:72,(anonymous_0)
FNDA:23,(anonymous_1)
FNDA:28,(anonymous_2)
FNDA:28,(anonymous_3)
FNDA:23,(anonymous_4)
FNDA:18,(anonymous_5)
FNDA:13,(anonymous_6)
FNDA:3,(anonymous_7)
FNDA:13,(anonymous_8)
FNDA:3,(anonymous_9)
FNDA:18,(anonymous_10)
FNDA:8,(anonymous_11)
FNDA:5,(anonymous_12)
FNDA:13,(anonymous_13)
FNDA:3,(anonymous_14)
FNDA:3,(anonymous_15)
FNDA:2,(anonymous_16)
FNDA:6,(anonymous_17)
DA:1,1
DA:2,1
DA:13,72
DA:14,72
DA:15,72
DA:16,72
DA:17,72
DA:19,72
DA:23,23
DA:28,28
DA:33,28
DA:37,28
DA:41,23
DA:45,18
DA:46,6
DA:48,12
DA:50,18
DA:51,18
DA:57,13
DA:61,3
DA:67,13
DA:76,3
DA:82,18
DA:92,8
DA:93,8
DA:97,5
DA:98,5
DA:104,13
DA:105,13
DA:106,13
DA:110,3
DA:116,3
DA:119,2
DA:120,6
DA:122,2
LF:35
LH:35
BRDA:6,0,0,11
BRDA:9,1,0,28
BRDA:11,2,0,59
BRDA:18,3,0,18
BRDA:18,3,1,54
BRDA:28,4,0,5
BRDA:28,4,1,23
BRDA:30,5,0,5
BRDA:30,5,1,18
BRDA:45,6,0,6
BRDA:45,6,1,12
BRDA:92,7,0,3
BRDA:92,7,1,5
BRDA:92,8,0,2
BRDA:92,8,1,3
BRDA:115,9,0,1
BRF:16
BRH:16
end_of_record
